This is pdfTeX, Version 3.14159265-2.6-1.40.16 (TeX Live 2015/Debian) (preloaded format=pdflatex 2018.10.13)  21 SEP 2020 14:28
entering extended mode
 restricted \write18 enabled.
 %&-line parsing enabled.
**CDL-lowrankupdate-denoising.tex
(./CDL-lowrankupdate-denoising.tex
LaTeX2e <2016/02/01>
Babel <3.9q> and hyphenation patterns for 81 language(s) loaded.
(/usr/share/texlive/texmf-dist/tex/latex/base/article.cls
Document Class: article 2014/09/29 v1.4h Standard LaTeX document class
(/usr/share/texlive/texmf-dist/tex/latex/base/size10.clo
File: size10.clo 2014/09/29 v1.4h Standard LaTeX file (size option)
)
\c@part=\count79
\c@section=\count80
\c@subsection=\count81
\c@subsubsection=\count82
\c@paragraph=\count83
\c@subparagraph=\count84
\c@figure=\count85
\c@table=\count86
\abovecaptionskip=\skip41
\belowcaptionskip=\skip42
\bibindent=\dimen102
)
(/usr/share/texlive/texmf-dist/tex/latex/amsmath/amsmath.sty
Package: amsmath 2016/03/03 v2.15a AMS math features
\@mathmargin=\skip43

For additional information on amsmath, use the `?' option.
(/usr/share/texlive/texmf-dist/tex/latex/amsmath/amstext.sty
Package: amstext 2000/06/29 v2.01 AMS text

(/usr/share/texlive/texmf-dist/tex/latex/amsmath/amsgen.sty
File: amsgen.sty 1999/11/30 v2.0 generic functions
\@emptytoks=\toks14
\ex@=\dimen103
))
(/usr/share/texlive/texmf-dist/tex/latex/amsmath/amsbsy.sty
Package: amsbsy 1999/11/29 v1.2d Bold Symbols
\pmbraise@=\dimen104
)
(/usr/share/texlive/texmf-dist/tex/latex/amsmath/amsopn.sty
Package: amsopn 1999/12/14 v2.01 operator names
)
\inf@bad=\count87
LaTeX Info: Redefining \frac on input line 199.
\uproot@=\count88
\leftroot@=\count89
LaTeX Info: Redefining \overline on input line 297.
\classnum@=\count90
\DOTSCASE@=\count91
LaTeX Info: Redefining \ldots on input line 394.
LaTeX Info: Redefining \dots on input line 397.
LaTeX Info: Redefining \cdots on input line 518.
\Mathstrutbox@=\box26
\strutbox@=\box27
\big@size=\dimen105
LaTeX Font Info:    Redeclaring font encoding OML on input line 630.
LaTeX Font Info:    Redeclaring font encoding OMS on input line 631.
\macc@depth=\count92
\c@MaxMatrixCols=\count93
\dotsspace@=\muskip10
\c@parentequation=\count94
\dspbrk@lvl=\count95
\tag@help=\toks15
\row@=\count96
\column@=\count97
\maxfields@=\count98
\andhelp@=\toks16
\eqnshift@=\dimen106
\alignsep@=\dimen107
\tagshift@=\dimen108
\tagwidth@=\dimen109
\totwidth@=\dimen110
\lineht@=\dimen111
\@envbody=\toks17
\multlinegap=\skip44
\multlinetaggap=\skip45
\mathdisplay@stack=\toks18
LaTeX Info: Redefining \[ on input line 2735.
LaTeX Info: Redefining \] on input line 2736.
)
(/usr/share/texlive/texmf-dist/tex/latex/tools/bm.sty
Package: bm 2014/10/28 v1.1c Bold Symbol Support (DPC/FMi)
\symboldoperators=\mathgroup4
\symboldletters=\mathgroup5
\symboldsymbols=\mathgroup6
LaTeX Font Info:    Redeclaring math alphabet \mathbf on input line 141.
LaTeX Info: Redefining \bm on input line 207.
)
(/usr/share/texlive/texmf-dist/tex/latex/bbm-macros/bbm.sty
Package: bbm 1999/03/15 V 1.2 provides fonts for set symbols - TH
LaTeX Font Info:    Overwriting math alphabet `\mathbbm' in version `bold'
(Font)                  U/bbm/m/n --> U/bbm/bx/n on input line 33.
LaTeX Font Info:    Overwriting math alphabet `\mathbbmss' in version `bold'
(Font)                  U/bbmss/m/n --> U/bbmss/bx/n on input line 35.
)
(./defs-OCDL-LRU.tex) (./CDL-lowrankupdate-denoising.aux)
\openout1 = `CDL-lowrankupdate-denoising.aux'.

LaTeX Font Info:    Checking defaults for OML/cmm/m/it on input line 7.
LaTeX Font Info:    ... okay on input line 7.
LaTeX Font Info:    Checking defaults for T1/cmr/m/n on input line 7.
LaTeX Font Info:    ... okay on input line 7.
LaTeX Font Info:    Checking defaults for OT1/cmr/m/n on input line 7.
LaTeX Font Info:    ... okay on input line 7.
LaTeX Font Info:    Checking defaults for OMS/cmsy/m/n on input line 7.
LaTeX Font Info:    ... okay on input line 7.
LaTeX Font Info:    Checking defaults for OMX/cmex/m/n on input line 7.
LaTeX Font Info:    ... okay on input line 7.
LaTeX Font Info:    Checking defaults for U/cmr/m/n on input line 7.
LaTeX Font Info:    ... okay on input line 7.

Overfull \hbox (134.62726pt too wide) detected at line 23
[][]\OT1/cmr/m/n/10 (\OML/cmm/b/it/10 x\OML/cmm/m/it/10 ; \OML/cmm/b/it/10 y\OM
L/cmm/m/it/10 ; \OML/cmm/b/it/10 z\OML/cmm/m/it/10 ; \OML/cmm/b/it/10 ^^Q\OML/c
mm/m/it/10 ; \OML/cmm/b/it/10 ^^M\OT1/cmr/m/n/10 ) = \OMS/cmsy/m/n/10 k\OML/cmm
/b/it/10 Wy\OMS/cmsy/m/n/10 k[] \OT1/cmr/m/n/10 + \OML/cmm/m/it/10 ^^U\OMS/cmsy
/m/n/10 k\OML/cmm/b/it/10  \OMS/cmsy/m/n/10 ^^A \OML/cmm/b/it/10 z\OMS/cmsy/m/
n/10 k[] \OT1/cmr/m/n/10 + []\OMS/cmsy/m/n/10 k\OT1/cmr/bx/n/10 ^^@[]\OML/cmm/b
/it/10 R[]x\OMS/cmsy/m/n/10 k[] \OT1/cmr/m/n/10 + []\OMS/cmsy/m/n/10 k\OT1/cmr/
bx/n/10 ^^@[]\OML/cmm/b/it/10 R[]x\OMS/cmsy/m/n/10 k[] \OT1/cmr/m/n/10 + []\OMS
/cmsy/m/n/10 k\OML/cmm/b/it/10 R[]\OT1/cmr/m/n/10 (\OML/cmm/b/it/10 z \OMS/cmsy
/m/n/10 ^^@ \OML/cmm/b/it/10 x\OT1/cmr/m/n/10 ) + []\OMS/cmsy/m/n/10 k[] \OT1/c
mr/m/n/10 + []\OMS/cmsy/m/n/10 k\OML/cmm/b/it/10 Dx \OT1/cmr/m/n/10 + \OML/cmm/
b/it/10 y \OMS/cmsy/m/n/10 ^^@ \OML/cmm/b/it/10 s \OT1/cmr/m/n/10 + []\OMS/cmsy
/m/n/10 k[]
 []


Overfull \hbox (69.97665pt too wide) detected at line 27
[] [][]\OT1/cmr/m/n/10 (\OML/cmm/b/it/10 x\OML/cmm/m/it/10 ; \OML/cmm/b/it/10 y
\OML/cmm/m/it/10 ; \OML/cmm/b/it/10 z\OML/cmm/m/it/10 ; \OML/cmm/b/it/10 ^^Q\OM
L/cmm/m/it/10 ; \OML/cmm/b/it/10 ^^M\OT1/cmr/m/n/10 ) = \OML/cmm/m/it/10 ^^V\OM
L/cmm/b/it/10 R[]\OT1/cmr/m/n/10 (\OT1/cmr/bx/n/10 ^^@[]^^@[] \OT1/cmr/m/n/10 +
 \OT1/cmr/bx/n/10 ^^@[]^^@[]\OT1/cmr/m/n/10 )\OML/cmm/b/it/10 R[]x \OT1/cmr/m/n
/10 + \OML/cmm/m/it/10 ^^Z\OML/cmm/b/it/10 R[]\OT1/cmr/m/n/10 (\OML/cmm/b/it/10
 x \OMS/cmsy/m/n/10 ^^@ \OML/cmm/b/it/10 z\OT1/cmr/m/n/10 ) \OMS/cmsy/m/n/10 ^^
@ \OML/cmm/b/it/10 ^^M \OT1/cmr/m/n/10 + \OML/cmm/m/it/10 ^^Z\OT1/cmr/m/n/10 (\
OML/cmm/b/it/10 D[]Dx \OT1/cmr/m/n/10 + \OML/cmm/b/it/10 D[]\OT1/cmr/m/n/10 (\O
ML/cmm/b/it/10 y \OMS/cmsy/m/n/10 ^^@ \OML/cmm/b/it/10 s \OT1/cmr/m/n/10 + []))

 []


Overfull \hbox (43.11432pt too wide) detected at line 33
\OT1/cmr/m/n/10 (\OML/cmm/m/it/10 ^^Z\OML/cmm/b/it/10 R[] \OT1/cmr/m/n/10 + \OM
L/cmm/m/it/10 ^^Z\OML/cmm/b/it/10 D[]D \OT1/cmr/m/n/10 + \OML/cmm/m/it/10 ^^V\O
ML/cmm/b/it/10 R[]\OT1/cmr/bx/n/10 ^^@[]^^@[]\OML/cmm/b/it/10 R[] \OT1/cmr/m/n/
10 + \OML/cmm/m/it/10 ^^V\OML/cmm/b/it/10 R[]\OT1/cmr/bx/n/10 ^^@[]^^@[]\OML/cm
m/b/it/10 R[]\OT1/cmr/m/n/10 )\OML/cmm/b/it/10 x \OT1/cmr/m/n/10 = \OML/cmm/m/i
t/10 ^^Z\OML/cmm/b/it/10 R[]z \OT1/cmr/m/n/10 + \OML/cmm/b/it/10 R[]^^M \OMS/cm
sy/m/n/10 ^^@ \OML/cmm/m/it/10 ^^Z\OML/cmm/b/it/10 D[]\OT1/cmr/m/n/10 (\OML/cmm
/b/it/10 y \OMS/cmsy/m/n/10 ^^@ \OML/cmm/b/it/10 s \OT1/cmr/m/n/10 + [])
 []


Overfull \hbox (14.27919pt too wide) detected at line 37
\OML/cmm/b/it/10 R[]\OT1/cmr/m/n/10 (\OML/cmm/m/it/10 ^^Z\OT1/cmr/bx/n/10 I \OT
1/cmr/m/n/10 + \OML/cmm/m/it/10 ^^Z\OT1/cmr/m/n/10 (\OML/cmm/b/it/10 DR\OT1/cmr
/m/n/10 )[]\OML/cmm/b/it/10 DR \OT1/cmr/m/n/10 + \OML/cmm/m/it/10 ^^V\OT1/cmr/b
x/n/10 ^^@[]^^@[] \OT1/cmr/m/n/10 + \OML/cmm/m/it/10 ^^V\OT1/cmr/bx/n/10 ^^@[]^
^@[]\OT1/cmr/m/n/10 )\OML/cmm/b/it/10 R[]x \OT1/cmr/m/n/10 = \OML/cmm/m/it/10 ^
^Z\OML/cmm/b/it/10 R[]z \OT1/cmr/m/n/10 + \OML/cmm/b/it/10 R[]^^M \OMS/cmsy/m/n
/10 ^^@ \OML/cmm/m/it/10 ^^Z\OML/cmm/b/it/10 D[]\OT1/cmr/m/n/10 (\OML/cmm/b/it/
10 y \OMS/cmsy/m/n/10 ^^@ \OML/cmm/b/it/10 s \OT1/cmr/m/n/10 + [])
 []

[1

{/var/lib/texmf/fonts/map/pdftex/updmap/pdftex.map}] [2]
(./CDL-lowrankupdate-denoising.aux) ) 
Here is how much of TeX's memory you used:
 1065 strings out of 493029
 11081 string characters out of 6136233
 72261 words of memory out of 5000000
 4649 multiletter control sequences out of 15000+600000
 6851 words of font info for 25 fonts, out of 8000000 for 9000
 1141 hyphenation exceptions out of 8191
 27i,9n,22p,362b,192s stack positions out of 5000i,500n,10000p,200000b,80000s
</usr/share/texlive/texmf-dist/fonts/type1
/public/amsfonts/cm/cmbx10.pfb></usr/share/texlive/texmf-dist/fonts/type1/publi
c/amsfonts/cm/cmmi10.pfb></usr/share/texlive/texmf-dist/fonts/type1/public/amsf
onts/cm/cmmi5.pfb></usr/share/texlive/texmf-dist/fonts/type1/public/amsfonts/cm
/cmmi7.pfb></usr/share/texlive/texmf-dist/fonts/type1/public/amsfonts/cm/cmmib1
0.pfb></usr/share/texlive/texmf-dist/fonts/type1/public/amsfonts/cmextra/cmmib5
.pfb></usr/share/texlive/texmf-dist/fonts/type1/public/amsfonts/cmextra/cmmib7.
pfb></usr/share/texlive/texmf-dist/fonts/type1/public/amsfonts/cm/cmr10.pfb></u
sr/share/texlive/texmf-dist/fonts/type1/public/amsfonts/cm/cmr5.pfb></usr/share
/texlive/texmf-dist/fonts/type1/public/amsfonts/cm/cmr7.pfb></usr/share/texlive
/texmf-dist/fonts/type1/public/amsfonts/cm/cmsy10.pfb></usr/share/texlive/texmf
-dist/fonts/type1/public/amsfonts/cm/cmsy7.pfb>
Output written on CDL-lowrankupdate-denoising.pdf (2 pages, 111436 bytes).
PDF statistics:
 59 PDF objects out of 1000 (max. 8388607)
 42 compressed objects within 1 object stream
 0 named destinations out of 1000 (max. 500000)
 1 words of extra memory for PDF output out of 10000 (max. 10000000)

