This is pdfTeX, Version 3.14159265-2.6-1.40.16 (TeX Live 2015/Debian) (preloaded format=pdflatex 2018.10.13)  31 JAN 2021 18:37
entering extended mode
 restricted \write18 enabled.
 %&-line parsing enabled.
**optimization_handling_quantization.tex
(./optimization_handling_quantization.tex
LaTeX2e <2016/02/01>
Babel <3.9q> and hyphenation patterns for 81 language(s) loaded.
(/usr/share/texlive/texmf-dist/tex/latex/base/article.cls
Document Class: article 2014/09/29 v1.4h Standard LaTeX document class
(/usr/share/texlive/texmf-dist/tex/latex/base/size10.clo
File: size10.clo 2014/09/29 v1.4h Standard LaTeX file (size option)
)
\c@part=\count79
\c@section=\count80
\c@subsection=\count81
\c@subsubsection=\count82
\c@paragraph=\count83
\c@subparagraph=\count84
\c@figure=\count85
\c@table=\count86
\abovecaptionskip=\skip41
\belowcaptionskip=\skip42
\bibindent=\dimen102
)
(/usr/share/texlive/texmf-dist/tex/latex/amsmath/amsmath.sty
Package: amsmath 2016/03/03 v2.15a AMS math features
\@mathmargin=\skip43

For additional information on amsmath, use the `?' option.
(/usr/share/texlive/texmf-dist/tex/latex/amsmath/amstext.sty
Package: amstext 2000/06/29 v2.01 AMS text

(/usr/share/texlive/texmf-dist/tex/latex/amsmath/amsgen.sty
File: amsgen.sty 1999/11/30 v2.0 generic functions
\@emptytoks=\toks14
\ex@=\dimen103
))
(/usr/share/texlive/texmf-dist/tex/latex/amsmath/amsbsy.sty
Package: amsbsy 1999/11/29 v1.2d Bold Symbols
\pmbraise@=\dimen104
)
(/usr/share/texlive/texmf-dist/tex/latex/amsmath/amsopn.sty
Package: amsopn 1999/12/14 v2.01 operator names
)
\inf@bad=\count87
LaTeX Info: Redefining \frac on input line 199.
\uproot@=\count88
\leftroot@=\count89
LaTeX Info: Redefining \overline on input line 297.
\classnum@=\count90
\DOTSCASE@=\count91
LaTeX Info: Redefining \ldots on input line 394.
LaTeX Info: Redefining \dots on input line 397.
LaTeX Info: Redefining \cdots on input line 518.
\Mathstrutbox@=\box26
\strutbox@=\box27
\big@size=\dimen105
LaTeX Font Info:    Redeclaring font encoding OML on input line 630.
LaTeX Font Info:    Redeclaring font encoding OMS on input line 631.
\macc@depth=\count92
\c@MaxMatrixCols=\count93
\dotsspace@=\muskip10
\c@parentequation=\count94
\dspbrk@lvl=\count95
\tag@help=\toks15
\row@=\count96
\column@=\count97
\maxfields@=\count98
\andhelp@=\toks16
\eqnshift@=\dimen106
\alignsep@=\dimen107
\tagshift@=\dimen108
\tagwidth@=\dimen109
\totwidth@=\dimen110
\lineht@=\dimen111
\@envbody=\toks17
\multlinegap=\skip44
\multlinetaggap=\skip45
\mathdisplay@stack=\toks18
LaTeX Info: Redefining \[ on input line 2735.
LaTeX Info: Redefining \] on input line 2736.
)
(/usr/share/texlive/texmf-dist/tex/latex/tools/bm.sty
Package: bm 2014/10/28 v1.1c Bold Symbol Support (DPC/FMi)
\symboldoperators=\mathgroup4
\symboldletters=\mathgroup5
\symboldsymbols=\mathgroup6
LaTeX Font Info:    Redeclaring math alphabet \mathbf on input line 141.
LaTeX Info: Redefining \bm on input line 207.
)
(/usr/share/texlive/texmf-dist/tex/latex/bbm-macros/bbm.sty
Package: bbm 1999/03/15 V 1.2 provides fonts for set symbols - TH
LaTeX Font Info:    Overwriting math alphabet `\mathbbm' in version `bold'
(Font)                  U/bbm/m/n --> U/bbm/bx/n on input line 33.
LaTeX Font Info:    Overwriting math alphabet `\mathbbmss' in version `bold'
(Font)                  U/bbmss/m/n --> U/bbmss/bx/n on input line 35.
)
(./defs-OCDL-LRU.tex) (./optimization_handling_quantization.aux)
\openout1 = `optimization_handling_quantization.aux'.

LaTeX Font Info:    Checking defaults for OML/cmm/m/it on input line 7.
LaTeX Font Info:    ... okay on input line 7.
LaTeX Font Info:    Checking defaults for T1/cmr/m/n on input line 7.
LaTeX Font Info:    ... okay on input line 7.
LaTeX Font Info:    Checking defaults for OT1/cmr/m/n on input line 7.
LaTeX Font Info:    ... okay on input line 7.
LaTeX Font Info:    Checking defaults for OMS/cmsy/m/n on input line 7.
LaTeX Font Info:    ... okay on input line 7.
LaTeX Font Info:    Checking defaults for OMX/cmex/m/n on input line 7.
LaTeX Font Info:    ... okay on input line 7.
LaTeX Font Info:    Checking defaults for U/cmr/m/n on input line 7.
LaTeX Font Info:    ... okay on input line 7.

Overfull \hbox (21.65796pt too wide) detected at line 36
\OML/cmm/m/it/10 f\OT1/cmr/m/n/10 (\OML/cmm/b/it/10 z[] \OT1/cmr/m/n/10 + ^^A\O
ML/cmm/b/it/10 z\OT1/cmr/m/n/10 ) = []\OMS/cmsy/m/n/10 k[]\OT1/cmr/m/n/10 (\OML
/cmm/b/it/10 Ps \OMS/cmsy/m/n/10 ^^@ \OML/cmm/b/it/10 Px\OT1/cmr/m/n/10 ) + ^^A
\OML/cmm/b/it/10 z\OMS/cmsy/m/n/10 k[] \OT1/cmr/m/n/10 + []\OMS/cmsy/m/n/10 k\O
ML/cmm/b/it/10 P\OT1/cmr/m/n/10 (\OML/cmm/b/it/10 x \OT1/cmr/m/n/10 + [](\OML/c
mm/b/it/10 Ps \OMS/cmsy/m/n/10 ^^@ \OML/cmm/b/it/10 Px\OT1/cmr/m/n/10 ) + ^^A\O
ML/cmm/b/it/10 z\OT1/cmr/m/n/10 ) \OMS/cmsy/m/n/10 ^^@ \OML/cmm/b/it/10 Ps\OMS/
cmsy/m/n/10 k[]
 []


Overfull \hbox (26.49127pt too wide) detected at line 51
\OML/cmm/m/it/10 f\OT1/cmr/m/n/10 (\OML/cmm/b/it/10 z[] \OT1/cmr/m/n/10 + ^^A\O
ML/cmm/b/it/10 z\OT1/cmr/m/n/10 ) = []\OMS/cmsy/m/n/10 k[]\OT1/cmr/m/n/10 (\OML
/cmm/b/it/10 Ps \OMS/cmsy/m/n/10 ^^@ \OML/cmm/b/it/10 Px\OT1/cmr/m/n/10 ) + ^^A
\OML/cmm/b/it/10 z\OMS/cmsy/m/n/10 k[] \OT1/cmr/m/n/10 + []\OMS/cmsy/m/n/10 k\O
ML/cmm/b/it/10 Px \OMS/cmsy/m/n/10 ^^@ []\OT1/cmr/m/n/10 (\OML/cmm/b/it/10 Ps \
OMS/cmsy/m/n/10 ^^@ \OML/cmm/b/it/10 Px\OT1/cmr/m/n/10 ) + \OML/cmm/b/it/10 ^^O
\OT1/cmr/m/n/10 (^^A\OML/cmm/b/it/10 z\OT1/cmr/m/n/10 ) \OMS/cmsy/m/n/10 ^^@ \O
ML/cmm/b/it/10 Ps\OMS/cmsy/m/n/10 k[]
 []


Overfull \hbox (66.24655pt too wide) detected at line 56
\OML/cmm/m/it/10 f\OT1/cmr/m/n/10 (\OML/cmm/b/it/10 z[] \OT1/cmr/m/n/10 + ^^A\O
ML/cmm/b/it/10 z\OT1/cmr/m/n/10 ) = []\OMS/cmsy/m/n/10 k[]\OT1/cmr/m/n/10 (\OML
/cmm/b/it/10 Ps \OMS/cmsy/m/n/10 ^^@ \OML/cmm/b/it/10 Px\OT1/cmr/m/n/10 ) + ^^A
\OML/cmm/b/it/10 z\OMS/cmsy/m/n/10 k[] \OT1/cmr/m/n/10 + []\OMS/cmsy/m/n/10 k ^
^@ []\OT1/cmr/m/n/10 (\OML/cmm/b/it/10 Ps \OMS/cmsy/m/n/10 ^^@ \OML/cmm/b/it/10
 Px\OT1/cmr/m/n/10 ) + [](\OML/cmm/b/it/10 Ps \OMS/cmsy/m/n/10 ^^@ \OML/cmm/b/i
t/10 Px\OT1/cmr/m/n/10 ) + \OML/cmm/b/it/10 ^^O\OT1/cmr/m/n/10 (^^A\OML/cmm/b/i
t/10 z\OT1/cmr/m/n/10 )\OMS/cmsy/m/n/10 k[]
 []

[1

{/var/lib/texmf/fonts/map/pdftex/updmap/pdftex.map}] [2]
Overfull \hbox (15.562pt too wide) detected at line 164
\OML/cmm/b/it/10 z[] \OT1/cmr/m/n/10 = \OML/cmm/b/it/10 x \OT1/cmr/m/n/10 + [](
\OML/cmm/b/it/10 Ps \OMS/cmsy/m/n/10 ^^@ \OML/cmm/b/it/10 Px\OT1/cmr/m/n/10 ) +
 \OML/cmm/b/it/10 W[] []\OT1/cmr/m/n/10 (\OML/cmm/b/it/10 ^^L\OT1/cmr/m/n/10 )\
OML/cmm/b/it/10 W^^O\OT1/cmr/m/n/10 ([]) + \OML/cmm/b/it/10 W[] []\OT1/cmr/m/n/
10 (\OML/cmm/b/it/10 \OT1/cmr/m/n/10 )\OML/cmm/b/it/10 W^^O\OT1/cmr/m/n/10 (0)

 []


Overfull \hbox (18.68301pt too wide) detected at line 191
\OML/cmm/m/it/10 f\OT1/cmr/m/n/10 (\OML/cmm/b/it/10 z[] \OT1/cmr/m/n/10 + ^^A\O
ML/cmm/b/it/10 z\OT1/cmr/m/n/10 ) = []\OMS/cmsy/m/n/10 k[]\OML/cmm/b/it/10 r \O
T1/cmr/m/n/10 + ^^A\OML/cmm/b/it/10 z\OMS/cmsy/m/n/10 k[] \OT1/cmr/m/n/10 + []\
OMS/cmsy/m/n/10 k\OML/cmm/b/it/10 P\OT1/cmr/m/n/10 (\OML/cmm/b/it/10 x \OT1/cmr
/m/n/10 + []\OML/cmm/b/it/10 r \OT1/cmr/m/n/10 + ^^A\OML/cmm/b/it/10 z\OT1/cmr/
m/n/10 ) + (1 \OMS/cmsy/m/n/10 ^^@ \OML/cmm/m/it/10 ^^V\OT1/cmr/m/n/10 )\OML/cm
m/b/it/10 Py \OMS/cmsy/m/n/10 ^^@ \OT1/cmr/m/n/10 (2 \OMS/cmsy/m/n/10 ^^@ \OML/
cmm/m/it/10 ^^V\OT1/cmr/m/n/10 )\OML/cmm/b/it/10 Ps\OMS/cmsy/m/n/10 k[]
 []

[3]
Overfull \hbox (69.99216pt too wide) detected at line 195
\OML/cmm/b/it/10 ^^O\OT1/cmr/m/n/10 (^^A\OML/cmm/b/it/10 z\OT1/cmr/m/n/10 ) = \
OML/cmm/b/it/10 P\OT1/cmr/m/n/10 (\OML/cmm/b/it/10 x \OT1/cmr/m/n/10 + []((2 \O
MS/cmsy/m/n/10 ^^@ \OML/cmm/m/it/10 ^^V\OT1/cmr/m/n/10 )\OML/cmm/b/it/10 Ps \OM
S/cmsy/m/n/10 ^^@ \OT1/cmr/m/n/10 (1 \OMS/cmsy/m/n/10 ^^@ \OML/cmm/m/it/10 ^^V\
OT1/cmr/m/n/10 )\OML/cmm/b/it/10 Py \OMS/cmsy/m/n/10 ^^@ \OML/cmm/b/it/10 Px\OT
1/cmr/m/n/10 ) + ^^A\OML/cmm/b/it/10 z\OT1/cmr/m/n/10 ) \OMS/cmsy/m/n/10 ^^@ \O
ML/cmm/b/it/10 Px \OMS/cmsy/m/n/10 ^^@ []\OT1/cmr/m/n/10 ((2 \OMS/cmsy/m/n/10 ^
^@ \OML/cmm/m/it/10 ^^V\OT1/cmr/m/n/10 )\OML/cmm/b/it/10 Ps \OMS/cmsy/m/n/10 ^^
@ \OT1/cmr/m/n/10 (1 \OMS/cmsy/m/n/10 ^^@ \OML/cmm/m/it/10 ^^V\OT1/cmr/m/n/10 )
\OML/cmm/b/it/10 Py \OMS/cmsy/m/n/10 ^^@ \OML/cmm/b/it/10 Px\OT1/cmr/m/n/10 )
 []


Overfull \hbox (23.51633pt too wide) detected at line 207
\OML/cmm/m/it/10 f\OT1/cmr/m/n/10 (\OML/cmm/b/it/10 z[] \OT1/cmr/m/n/10 + ^^A\O
ML/cmm/b/it/10 z\OT1/cmr/m/n/10 ) = []\OMS/cmsy/m/n/10 k[]\OML/cmm/b/it/10 r \O
T1/cmr/m/n/10 + ^^A\OML/cmm/b/it/10 z\OMS/cmsy/m/n/10 k[] \OT1/cmr/m/n/10 + []\
OMS/cmsy/m/n/10 k\OML/cmm/b/it/10 Px \OT1/cmr/m/n/10 + []\OML/cmm/b/it/10 r \OT
1/cmr/m/n/10 + \OML/cmm/b/it/10 ^^O\OT1/cmr/m/n/10 (^^A\OML/cmm/b/it/10 z\OT1/c
mr/m/n/10 ) + (1 \OMS/cmsy/m/n/10 ^^@ \OML/cmm/m/it/10 ^^V\OT1/cmr/m/n/10 )\OML
/cmm/b/it/10 Py \OMS/cmsy/m/n/10 ^^@ \OT1/cmr/m/n/10 (2 \OMS/cmsy/m/n/10 ^^@ \O
ML/cmm/m/it/10 ^^V\OT1/cmr/m/n/10 )\OML/cmm/b/it/10 Ps\OMS/cmsy/m/n/10 k[]
 []

[4] (./optimization_handling_quantization.aux) ) 
Here is how much of TeX's memory you used:
 1065 strings out of 493029
 11144 string characters out of 6136233
 71261 words of memory out of 5000000
 4649 multiletter control sequences out of 15000+600000
 6851 words of font info for 25 fonts, out of 8000000 for 9000
 1141 hyphenation exceptions out of 8191
 27i,9n,22p,272b,276s stack positions out of 5000i,500n,10000p,200000b,80000s
</usr/share/texlive/texmf-dist/
fonts/type1/public/amsfonts/cm/cmbx10.pfb></usr/share/texlive/texmf-dist/fonts/
type1/public/amsfonts/cm/cmex10.pfb></usr/share/texlive/texmf-dist/fonts/type1/
public/amsfonts/cm/cmmi10.pfb></usr/share/texlive/texmf-dist/fonts/type1/public
/amsfonts/cm/cmmi7.pfb></usr/share/texlive/texmf-dist/fonts/type1/public/amsfon
ts/cm/cmmib10.pfb></usr/share/texlive/texmf-dist/fonts/type1/public/amsfonts/cm
extra/cmmib7.pfb></usr/share/texlive/texmf-dist/fonts/type1/public/amsfonts/cm/
cmr10.pfb></usr/share/texlive/texmf-dist/fonts/type1/public/amsfonts/cm/cmr7.pf
b></usr/share/texlive/texmf-dist/fonts/type1/public/amsfonts/cm/cmsy10.pfb>
Output written on optimization_handling_quantization.pdf (4 pages, 96143 bytes)
.
PDF statistics:
 53 PDF objects out of 1000 (max. 8388607)
 37 compressed objects within 1 object stream
 0 named destinations out of 1000 (max. 500000)
 1 words of extra memory for PDF output out of 10000 (max. 10000000)

